  main_5_1.cpp
C:\korba\studia\grafika kopmuterowa\Cyminski_Ciryt_Dabrowski_projekt\src\main_5_1.cpp(108,32): warning C4244: "=": konwersja z "double" do "T", możliwa utrata danych
          with
          [
              T=float
          ]
C:\korba\studia\grafika kopmuterowa\Cyminski_Ciryt_Dabrowski_projekt\src\main_5_1.cpp(109,32): warning C4244: "=": konwersja z "double" do "T", możliwa utrata danych
          with
          [
              T=float
          ]
C:\korba\studia\grafika kopmuterowa\Cyminski_Ciryt_Dabrowski_projekt\src\main_5_1.cpp(110,30): warning C4244: "=": konwersja z "double" do "T", możliwa utrata danych
          with
          [
              T=float
          ]
C:\korba\studia\grafika kopmuterowa\Cyminski_Ciryt_Dabrowski_projekt\src\main_5_1.cpp(111,30): warning C4244: "=": konwersja z "double" do "T", możliwa utrata danych
          with
          [
              T=float
          ]
C:\korba\studia\grafika kopmuterowa\Cyminski_Ciryt_Dabrowski_projekt\src\main_5_1.cpp(112,31): warning C4244: "=": konwersja z "double" do "T", możliwa utrata danych
          with
          [
              T=float
          ]
C:\korba\studia\grafika kopmuterowa\Cyminski_Ciryt_Dabrowski_projekt\src\main_5_1.cpp(113,31): warning C4244: "=": konwersja z "double" do "T", możliwa utrata danych
          with
          [
              T=float
          ]
C:\korba\studia\grafika kopmuterowa\Cyminski_Ciryt_Dabrowski_projekt\src\main_5_1.cpp(114,29): warning C4244: "=": konwersja z "double" do "T", możliwa utrata danych
          with
          [
              T=float
          ]
C:\korba\studia\grafika kopmuterowa\Cyminski_Ciryt_Dabrowski_projekt\src\main_5_1.cpp(115,29): warning C4244: "=": konwersja z "double" do "T", możliwa utrata danych
          with
          [
              T=float
          ]
C:\korba\studia\grafika kopmuterowa\Cyminski_Ciryt_Dabrowski_projekt\src\main_5_1.cpp(116,31): warning C4244: "=": konwersja z "double" do "T", możliwa utrata danych
          with
          [
              T=float
          ]
C:\korba\studia\grafika kopmuterowa\Cyminski_Ciryt_Dabrowski_projekt\src\main_5_1.cpp(117,31): warning C4244: "=": konwersja z "double" do "T", możliwa utrata danych
          with
          [
              T=float
          ]
C:\korba\studia\grafika kopmuterowa\Cyminski_Ciryt_Dabrowski_projekt\src\main_5_1.cpp(118,31): warning C4244: "=": konwersja z "double" do "T", możliwa utrata danych
          with
          [
              T=float
          ]
C:\korba\studia\grafika kopmuterowa\Cyminski_Ciryt_Dabrowski_projekt\src\main_5_1.cpp(119,31): warning C4244: "=": konwersja z "double" do "T", możliwa utrata danych
          with
          [
              T=float
          ]
C:\korba\studia\grafika kopmuterowa\Cyminski_Ciryt_Dabrowski_projekt\src\main_5_1.cpp(120,29): warning C4244: "=": konwersja z "double" do "T", możliwa utrata danych
          with
          [
              T=float
          ]
C:\korba\studia\grafika kopmuterowa\Cyminski_Ciryt_Dabrowski_projekt\src\main_5_1.cpp(121,29): warning C4244: "=": konwersja z "double" do "T", możliwa utrata danych
          with
          [
              T=float
          ]
C:\korba\studia\grafika kopmuterowa\Cyminski_Ciryt_Dabrowski_projekt\src\main_5_1.cpp(122,31): warning C4244: "=": konwersja z "double" do "T", możliwa utrata danych
          with
          [
              T=float
          ]
C:\korba\studia\grafika kopmuterowa\Cyminski_Ciryt_Dabrowski_projekt\src\main_5_1.cpp(123,31): warning C4244: "=": konwersja z "double" do "T", możliwa utrata danych
          with
          [
              T=float
          ]
C:\korba\studia\grafika kopmuterowa\Cyminski_Ciryt_Dabrowski_projekt\src\main_5_1.cpp(124,31): warning C4244: "=": konwersja z "double" do "T", możliwa utrata danych
          with
          [
              T=float
          ]
C:\korba\studia\grafika kopmuterowa\Cyminski_Ciryt_Dabrowski_projekt\src\main_5_1.cpp(125,31): warning C4244: "=": konwersja z "double" do "T", możliwa utrata danych
          with
          [
              T=float
          ]
C:\korba\studia\grafika kopmuterowa\Cyminski_Ciryt_Dabrowski_projekt\src\main_5_1.cpp(197,11): warning C4244: "=": konwersja z "int" do "float", możliwa utrata danych
C:\korba\studia\grafika kopmuterowa\Cyminski_Ciryt_Dabrowski_projekt\src\main_5_1.cpp(198,11): warning C4244: "=": konwersja z "int" do "float", możliwa utrata danych
C:\korba\studia\grafika kopmuterowa\Cyminski_Ciryt_Dabrowski_projekt\src\main_5_1.cpp(205,10): warning C4244: "=": konwersja z "int" do "float", możliwa utrata danych
C:\korba\studia\grafika kopmuterowa\Cyminski_Ciryt_Dabrowski_projekt\src\main_5_1.cpp(206,10): warning C4244: "=": konwersja z "int" do "float", możliwa utrata danych
Camera.obj : warning LNK4075: zignorowano opcję „/EDITANDCONTINUE” z powodu określenia opcji „/INCREMENTAL:NO”
  grk-cw5.vcxproj -> C:\korba\studia\grafika kopmuterowa\Cyminski_Ciryt_Dabrowski_projekt\Debug\grafika_projekt.exe
